********************************************************************************
DUPLICATOR-LITE PACKAGE-LOG: May 17, 2018 1:37 pm
NOTICE: Do NOT post to public sites or forums 
********************************************************************************
VERSION:	1.2.36
WORDPRESS:	4.9.5
PHP INFO:	7.1.17-1+ubuntu14.04.1+deb.sury.org+1 | SAPI: apache2handler
SERVER:		Apache/2.4.18 (Ubuntu) 
PHP TIME LIMIT: (0) no time limit imposed 
PHP MAX MEMORY: 2048M (128M default) 
MEMORY STACK: 4MB 

********************************************************************************
DATABASE:
********************************************************************************
BUILD MODE:   MYSQLDUMP
MYSQLTIMEOUT: 5000
MYSQLDUMP:    Is Supported 
FILTERED: [] 
RESPONSE: Ran from /usr/bin/mysqldump 
TABLES: total:14 | filtered:0 | create:14 
SQL CREATED: 20180517_8fe775b68c9363f03700180517133554_database.sql 
SQL FILE SIZE: 590.45KB (604619) 
SQL FILE TIME: 2018-05-17 13:37:28 
SQL RUNTIME: 0.48 sec. 

******************************************************************************** 
ARCHIVE (ZIP): 
******************************************************************************** 
ARCHIVE DIR:  /var/www/html/mysite 
ARCHIVE FILE: 20180517_8fe775b68c9363f03700180517133554_archive.zip 
FILTERS: *OFF* 
DIRS:
	not set 
FILES:
	not set 
EXTS:  not set 
---------------------------------------- 
COMPRESSING 
SIZE:	102.24MB 
STATS:	Dirs 488 | Files 3,357 
SQL ADDED: 20180517_8fe775b68c9363f03700180517133554_database.sql 
ZipArchive Object
(
    [status] => 0
    [statusSys] => 0
    [numFiles] => 3845
    [filename] => /var/www/html/mysite/wp-snapshots/tmp/20180517_8fe775b68c9363f03700180517133554_archive.zip
    [comment] => 
)
 
COMPRESSION RESULT: '1' 
COMPRESSED SIZE: 68.44MB 
ARCHIVE RUNTIME: 25.41 sec. 
MEMORY STACK: 4MB 

******************************************************************************** 
MAKE INSTALLER: 
******************************************************************************** 
Build Start 
Build Finished 
Preping for use 
PACK SIZE:  
Template parsed with new data 
Complete [/var/www/html/mysite/wp-snapshots/tmp/20180517_8fe775b68c9363f03700180517133554_installer.php] 
Added to archive 

******************************************************************************** 
INTEGRITY CHECKS: 
******************************************************************************** 
SQL File: 590.45KB 
Installer File: 445.87KB 
Archive File: 68.44MB  

********************************************************************************
RECORD ID:[1]
TOTAL PROCESS RUNTIME: 27.35 sec.
PEAK PHP MEMORY USED: 6MB
DONE PROCESSING => 20180517 May 17, 2018 1:37 pm
 
